Performing C SOURCE FILE Test CMAKE_HAVE_LIBC_PTHREAD failed with the following output:
Change Dir: /home/charles/devel/ros/scarab/scarab_ros/build_isolated/rosserial_tivac/CMakeFiles/CMakeTmp

Run Build Command(s):/usr/bin/make cmTC_d13b2/fast && /usr/bin/make -f CMakeFiles/cmTC_d13b2.dir/build.make CMakeFiles/cmTC_d13b2.dir/build
make[1]: Entering directory '/home/charles/devel/ros/scarab/scarab_ros/build_isolated/rosserial_tivac/CMakeFiles/CMakeTmp'
Building C object CMakeFiles/cmTC_d13b2.dir/src.c.o
/usr/bin/cc   -DCMAKE_HAVE_LIBC_PTHREAD   -o CMakeFiles/cmTC_d13b2.dir/src.c.o   -c /home/charles/devel/ros/scarab/scarab_ros/build_isolated/rosserial_tivac/CMakeFiles/CMakeTmp/src.c
Linking C executable cmTC_d13b2
/usr/local/lib/python2.7/dist-packages/cmake/data/bin/cmake -E cmake_link_script CMakeFiles/cmTC_d13b2.dir/link.txt --verbose=1
/usr/bin/cc  -DCMAKE_HAVE_LIBC_PTHREAD    -rdynamic CMakeFiles/cmTC_d13b2.dir/src.c.o  -o cmTC_d13b2 
CMakeFiles/cmTC_d13b2.dir/src.c.o: In function `main':
src.c:(.text+0x3e): undefined reference to `pthread_create'
src.c:(.text+0x4a): undefined reference to `pthread_detach'
src.c:(.text+0x5b): undefined reference to `pthread_join'
src.c:(.text+0x6f): undefined reference to `pthread_atfork'
collect2: error: ld returned 1 exit status
CMakeFiles/cmTC_d13b2.dir/build.make:86: recipe for target 'cmTC_d13b2' failed
make[1]: *** [cmTC_d13b2] Error 1
make[1]: Leaving directory '/home/charles/devel/ros/scarab/scarab_ros/build_isolated/rosserial_tivac/CMakeFiles/CMakeTmp'
Makefile:121: recipe for target 'cmTC_d13b2/fast' failed
make: *** [cmTC_d13b2/fast] Error 2


Source file was:
#include <pthread.h>

void* test_func(void* data)
{
  return data;
}

int main(void)
{
  pthread_t thread;
  pthread_create(&thread, NULL, test_func, NULL);
  pthread_detach(thread);
  pthread_join(thread, NULL);
  pthread_atfork(NULL, NULL, NULL);
  pthread_exit(NULL);

  return 0;
}

Determining if the function pthread_create exists in the pthreads failed with the following output:
Change Dir: /home/charles/devel/ros/scarab/scarab_ros/build_isolated/rosserial_tivac/CMakeFiles/CMakeTmp

Run Build Command(s):/usr/bin/make cmTC_ad4a3/fast && /usr/bin/make -f CMakeFiles/cmTC_ad4a3.dir/build.make CMakeFiles/cmTC_ad4a3.dir/build
make[1]: Entering directory '/home/charles/devel/ros/scarab/scarab_ros/build_isolated/rosserial_tivac/CMakeFiles/CMakeTmp'
Building C object CMakeFiles/cmTC_ad4a3.dir/CheckFunctionExists.c.o
/usr/bin/cc   -DCHECK_FUNCTION_EXISTS=pthread_create   -o CMakeFiles/cmTC_ad4a3.dir/CheckFunctionExists.c.o   -c /usr/local/lib/python2.7/dist-packages/cmake/data/share/cmake-3.15/Modules/CheckFunctionExists.c
Linking C executable cmTC_ad4a3
/usr/local/lib/python2.7/dist-packages/cmake/data/bin/cmake -E cmake_link_script CMakeFiles/cmTC_ad4a3.dir/link.txt --verbose=1
/usr/bin/cc  -DCHECK_FUNCTION_EXISTS=pthread_create    -rdynamic CMakeFiles/cmTC_ad4a3.dir/CheckFunctionExists.c.o  -o cmTC_ad4a3 -lpthreads 
/usr/bin/ld: cannot find -lpthreads
collect2: error: ld returned 1 exit status
CMakeFiles/cmTC_ad4a3.dir/build.make:86: recipe for target 'cmTC_ad4a3' failed
make[1]: *** [cmTC_ad4a3] Error 1
make[1]: Leaving directory '/home/charles/devel/ros/scarab/scarab_ros/build_isolated/rosserial_tivac/CMakeFiles/CMakeTmp'
Makefile:121: recipe for target 'cmTC_ad4a3/fast' failed
make: *** [cmTC_ad4a3/fast] Error 2



